
Scratch directory: /tmp/

*** tstart() called on DESKTOP-FGN858S
*** at Fri Mar 10 14:49:53 2023

   => Loading Basis Set <=

    Name: DEF2-MSVP
    Role: ORBITAL
    Keyword: BASIS
    atoms 1-7, 17-19  entry C          line   101 file /home/stephen/src/psi4conda/share/psi4/basis/def2-msvp.gbs 
    atoms 8, 20-21    entry O          line   145 file /home/stephen/src/psi4conda/share/psi4/basis/def2-msvp.gbs 
    atoms 9-16, 22-26 entry H          line    26 file /home/stephen/src/psi4conda/share/psi4/basis/def2-msvp.gbs 


         ---------------------------------------------------------
                                   SCF
               by Justin Turney, Rob Parrish, Andy Simmonett
                          and Daniel G. A. Smith
                              UKS Reference
                        1 Threads,    500 MiB Core
         ---------------------------------------------------------

  ==> Geometry <==

    Molecular point group: c1
    Full point group: C1

    Geometry (in Angstrom), charge = -1, multiplicity = 1:

       Center              X                  Y                   Z               Mass       
    ------------   -----------------  -----------------  -----------------  -----------------
         C            0.896031151042    -4.197474002004    -0.877929438369    12.000000000000
         C            0.973031151042    -0.376474002004    -0.798929438369    12.000000000000
         C            2.074031151042    -0.147474002004    -0.018929438369    12.000000000000
         C            0.589031151042    -1.676474002004    -1.052929438369    12.000000000000
         C            1.321031151042    -2.758474002004    -0.550929438369    12.000000000000
         C            2.809031151042    -1.181474002004     0.482070561631    12.000000000000
         C            2.439031151042    -2.490474002004     0.223070561631    12.000000000000
         O            2.508031151042     1.102525997996     0.249070561631    15.994914619570
         H            0.435031151042     0.452525997996    -1.226929438369     1.007825032230
         H           -0.280968848958    -1.868474002004    -1.661929438369     1.007825032230
         H            3.687031151042    -0.986474002004     1.079070561631     1.007825032230
         H            3.287031151042     1.110525997996     0.809070561631     1.007825032230
         H            1.674031151042    -4.900474002004    -0.580929438369     1.007825032230
         H            0.771031151042    -4.256474002004    -1.957929438369     1.007825032230
         H            3.030031151042    -3.302474002004     0.609070561631     1.007825032230
         H           -0.055620848958    -4.460743002004    -0.393112438369     1.007825032230
         C           -2.442968848958     1.167525997996    -0.079929438369    12.000000000000
         C           -3.085968848958     1.566525997996    -1.407929438369    12.000000000000
         C           -2.397968848958     2.303525997996     0.921070561631    12.000000000000
         O           -2.031968848958     2.071525997996     2.062070561631    15.994914619570
         O           -2.748968848958     3.433525997996     0.588070561631    15.994914619570
         H           -3.058968848958     0.380525997996     0.362070561631     1.007825032230
         H           -1.454968848958     0.738525997996    -0.220929438369     1.007825032230
         H           -3.950968848958     2.203525997996    -1.216929438369     1.007825032230
         H           -3.433418848958     0.665995997996    -1.935490438369     1.007825032230
         H           -2.372578848958     2.119435997996    -2.036705438369     1.007825032230

  Running in c1 symmetry.

  Rotational constants: A =      0.03740  B =      0.01045  C =      0.00907 [cm^-1]
  Rotational constants: A =   1121.25810  B =    313.36828  C =    272.01604 [MHz]
  Nuclear repulsion =  722.468814689021201

  Charge       = -1
  Multiplicity = 1
  Electrons    = 98
  Nalpha       = 49
  Nbeta        = 49

  ==> Algorithm <==

  SCF Algorithm Type is DF.
  DIIS enabled.
  MOM disabled.
  Fractional occupation disabled.
  Guess Type is SAD.
  Energy threshold   = 1.00e-06
  Density threshold  = 1.00e-06
  Integral threshold = 1.00e-12

  ==> Primary Basis <==

  Basis Set: DEF2-MSVP
    Blend: DEF2-MSVP
    Number of shells: 117
    Number of basis functions: 221
    Number of Cartesian functions: 234
    Spherical Harmonics?: true
    Max angular momentum: 2

  ==> DFT Potential <==

   => Composite Functional: PBE <= 

    PBE GGA Exchange-Correlation Functional

    J.P. Perdew et. al., Phys. Rev. Lett., 77(18), 3865-3868, 1996


    Deriv               =              1
    GGA                 =           TRUE
    Meta                =          FALSE

    Exchange Hybrid     =          FALSE
    MP2 Hybrid          =          FALSE

   => Exchange Functionals <=

    1.0000     XC_GGA_X_PBE

   => Correlation Functionals <=

    1.0000     XC_GGA_C_PBE

   => LibXC Density Thresholds  <==

    XC_GGA_C_PBE:  1.00E-12 
    XC_GGA_X_PBE:  1.00E-15 

   => Molecular Quadrature <=

    Radial Scheme          =       TREUTLER
    Pruning Scheme         =           NONE
    Nuclear Scheme         =       TREUTLER

    BS radius alpha        =              1
    Pruning alpha          =              1
    Radial Points          =             75
    Spherical Points       =            302
    Total Points           =         544274
    Total Blocks           =           3967
    Max Points             =            256
    Max Functions          =            170
    Weights Tolerance      =       1.00E-15

   => Loading Basis Set <=

    Name: (DEF2-MSVP AUX)
    Role: JKFIT
    Keyword: DF_BASIS_SCF
    atoms 1-7, 17-19  entry C          line   198 file /home/stephen/src/psi4conda/share/psi4/basis/def2-universal-jkfit.gbs 
    atoms 8, 20-21    entry O          line   318 file /home/stephen/src/psi4conda/share/psi4/basis/def2-universal-jkfit.gbs 
    atoms 9-16, 22-26 entry H          line    18 file /home/stephen/src/psi4conda/share/psi4/basis/def2-universal-jkfit.gbs 

  ==> Integral Setup <==

  DFHelper Memory: AOs need 0.350 GiB; user supplied 0.350 GiB. Using in-core AOs.

  ==> MemDFJK: Density-Fitted J/K Matrices <==

    J tasked:                   Yes
    K tasked:                    No
    wK tasked:                   No
    OpenMP threads:               1
    Memory [MiB]:               357
    Algorithm:                 Core
    Schwarz Cutoff:           1E-12
    Mask sparsity (%):      25.7202
    Fitting Condition:        1E-10

   => Auxiliary Basis Set <=

  Basis Set: (DEF2-MSVP AUX)
    Blend: DEF2-UNIVERSAL-JKFIT
    Number of shells: 403
    Number of basis functions: 1215
    Number of Cartesian functions: 1429
    Spherical Harmonics?: true
    Max angular momentum: 4

  Cached 1.0% of DFT collocation blocks in 0.014 [GiB].

  Minimum eigenvalue in the overlap matrix is 4.6217208363E-04.
  Reciprocal condition number of the overlap matrix is 7.9543891242E-05.
    Using symmetric orthogonalization.

  ==> Pre-Iterations <==

  SCF Guess: Superposition of Atomic Densities via on-the-fly atomic UHF (no occupation information).

   -------------------------
    Irrep   Nso     Nmo    
   -------------------------
     A        221     221 
   -------------------------
    Total     221     221
   -------------------------

  ==> Iterations <==

                           Total Energy        Delta E     RMS |[F,P]|

   @DF-UKS iter SAD:  -612.92724315251030   -6.12927e+02   0.00000e+00 
   @DF-UKS iter   1:  -612.48389267056996    4.43350e-01   7.20414e-03 DIIS
   @DF-UKS iter   2:  -602.22880421060427    1.02551e+01   1.34159e-02 DIIS
   @DF-UKS iter   3:  -605.33900628080255   -3.11020e+00   1.30322e-02 DIIS
   @DF-UKS iter   4:  -611.33264791484362   -5.99364e+00   6.51709e-03 DIIS
   @DF-UKS iter   5:  -613.58756208384762   -2.25491e+00   2.88256e-03 SOKS, nmicro=5
   @DF-UKS iter   6:  -613.63358425177239   -4.60222e-02   1.56521e-03 SOKS, nmicro=5
   @DF-UKS iter   7:  -613.76877315500997   -1.35189e-01   3.68070e-04 SOKS, nmicro=5
   @DF-UKS iter   8:  -613.78219083851309   -1.34177e-02   1.13402e-04 SOKS, nmicro=5
   @DF-UKS iter   9:  -613.78333182593110   -1.14099e-03   3.88645e-05 SOKS, nmicro=5
   @DF-UKS iter  10:  -613.76712740007702    1.62044e-02   5.88150e-04 SOKS, nmicro=5
   @DF-UKS iter  11:  -613.78214377745303   -1.50164e-02   9.29611e-05 SOKS, nmicro=5
   @DF-UKS iter  12:  -613.78380601533854   -1.66224e-03   3.74660e-05 SOKS, nmicro=5
   @DF-UKS iter  13:  -613.78400412363749   -1.98108e-04   8.23983e-06 SOKS, nmicro=5
   @DF-UKS iter  14:  -613.78401355711094   -9.43347e-06   3.53712e-06 SOKS, nmicro=5
   @DF-UKS iter  15:  -613.78401442759059   -8.70480e-07   1.88187e-06 SOKS, nmicro=5
   @DF-UKS iter  16:  -613.78401464741160   -2.19821e-07   8.89503e-07 SOKS, nmicro=conv
  Energy and wave function converged.


  ==> Post-Iterations <==

   Electrons on quadrature grid:
      Nalpha   =   49.0000116353 ; deviation = 1.164e-05
      Nbeta    =   49.0000116353 ; deviation = 1.164e-05
      Ntotal   =   98.0000232706 ; deviation = 2.327e-05 

   @Spin Contamination Metric:  -2.273736754E-13
   @S^2 Expected:                0.000000000E+00
   @S^2 Observed:               -2.273736754E-13
   @S   Expected:                0.000000000E+00
   @S   Observed:                0.000000000E+00

    Orbital Energies [Eh]
    ---------------------

    Alpha Occupied:                                                       

       1A    -18.687629     2A    -18.465597     3A    -18.461108  
       4A     -9.845520     5A     -9.802121     6A     -9.800300  
       7A     -9.794728     8A     -9.790107     9A     -9.788874  
      10A     -9.782534    11A     -9.730101    12A     -9.714603  
      13A     -9.697159    14A     -0.877661    15A     -0.718744  
      16A     -0.684759    17A     -0.616052    18A     -0.601538  
      19A     -0.582536    20A     -0.526089    21A     -0.514184  
      22A     -0.468640    23A     -0.438961    24A     -0.401746  
      25A     -0.390952    26A     -0.338326    27A     -0.321214  
      28A     -0.295238    29A     -0.288839    30A     -0.280845  
      31A     -0.262670    32A     -0.261576    33A     -0.245118  
      34A     -0.232314    35A     -0.226735    36A     -0.211352  
      37A     -0.190772    38A     -0.188050    39A     -0.180149  
      40A     -0.158809    41A     -0.149887    42A     -0.132057  
      43A     -0.127646    44A     -0.100992    45A     -0.096481  
      46A     -0.090457    47A      0.028149    48A      0.030171  
      49A      0.063149  

    Alpha Virtual:                                                        

      50A      0.063982    51A      0.085264    52A      0.145317  
      53A      0.168771    54A      0.194623    55A      0.211938  
      56A      0.214141    57A      0.232284    58A      0.241412  
      59A      0.248415    60A      0.259450    61A      0.264044  
      62A      0.274218    63A      0.286640    64A      0.300468  
      65A      0.311278    66A      0.315500    67A      0.333048  
      68A      0.348080    69A      0.355553    70A      0.366245  
      71A      0.394849    72A      0.401173    73A      0.430836  
      74A      0.431484    75A      0.503740    76A      0.507627  
      77A      0.512340    78A      0.519950    79A      0.545861  
      80A      0.554214    81A      0.564691    82A      0.577957  
      83A      0.593526    84A      0.605966    85A      0.610443  
      86A      0.618036    87A      0.629686    88A      0.641943  
      89A      0.648431    90A      0.650375    91A      0.673130  
      92A      0.680321    93A      0.691785    94A      0.697867  
      95A      0.711962    96A      0.724234    97A      0.728092  
      98A      0.740048    99A      0.765078   100A      0.769095  
     101A      0.783790   102A      0.789690   103A      0.817769  
     104A      0.857594   105A      0.863511   106A      0.916584  
     107A      0.945092   108A      0.947887   109A      0.959137  
     110A      0.973458   111A      0.981498   112A      0.999539  
     113A      1.010850   114A      1.019246   115A      1.032248  
     116A      1.039901   117A      1.043512   118A      1.057538  
     119A      1.066777   120A      1.085929   121A      1.091223  
     122A      1.105963   123A      1.113206   124A      1.122585  
     125A      1.128682   126A      1.135639   127A      1.175055  
     128A      1.179144   129A      1.203102   130A      1.217082  
     131A      1.245229   132A      1.279521   133A      1.301129  
     134A      1.307112   135A      1.315259   136A      1.324658  
     137A      1.359864   138A      1.390738   139A      1.415576  
     140A      1.430765   141A      1.435007   142A      1.490193  
     143A      1.507999   144A      1.519975   145A      1.543240  
     146A      1.563398   147A      1.602050   148A      1.646569  
     149A      1.672266   150A      1.761659   151A      1.764482  
     152A      1.808379   153A      1.827942   154A      1.861090  
     155A      1.875042   156A      1.884932   157A      1.896495  
     158A      1.902125   159A      1.933413   160A      1.971386  
     161A      1.985288   162A      2.016927   163A      2.020091  
     164A      2.028665   165A      2.034212   166A      2.051305  
     167A      2.072776   168A      2.074204   169A      2.101209  
     170A      2.145919   171A      2.158441   172A      2.172925  
     173A      2.184257   174A      2.187139   175A      2.200102  
     176A      2.238055   177A      2.258041   178A      2.266515  
     179A      2.277147   180A      2.282056   181A      2.317592  
     182A      2.332606   183A      2.354798   184A      2.357047  
     185A      2.395048   186A      2.398529   187A      2.436303  
     188A      2.439029   189A      2.538718   190A      2.579883  
     191A      2.591716   192A      2.606321   193A      2.612374  
     194A      2.664974   195A      2.703780   196A      2.705386  
     197A      2.719049   198A      2.774765   199A      2.852595  
     200A      2.880832   201A      2.894744   202A      2.967112  
     203A      2.979478   204A      3.014438   205A      3.146274  
     206A      3.150873   207A      3.352621   208A      3.450947  
     209A     12.891936   210A     13.319373   211A     13.343639  
     212A     13.377790   213A     13.494716   214A     13.671509  
     215A     13.820691   216A     13.848574   217A     13.895329  
     218A     14.221864   219A     25.171958   220A     25.228897  
     221A     25.423588  

    Beta Occupied:                                                        

       1A    -18.687629     2A    -18.465597     3A    -18.461108  
       4A     -9.845520     5A     -9.802121     6A     -9.800300  
       7A     -9.794728     8A     -9.790107     9A     -9.788874  
      10A     -9.782534    11A     -9.730101    12A     -9.714603  
      13A     -9.697159    14A     -0.877661    15A     -0.718744  
      16A     -0.684759    17A     -0.616052    18A     -0.601538  
      19A     -0.582536    20A     -0.526089    21A     -0.514184  
      22A     -0.468640    23A     -0.438961    24A     -0.401746  
      25A     -0.390952    26A     -0.338326    27A     -0.321214  
      28A     -0.295238    29A     -0.288839    30A     -0.280845  
      31A     -0.262670    32A     -0.261576    33A     -0.245118  
      34A     -0.232314    35A     -0.226735    36A     -0.211352  
      37A     -0.190772    38A     -0.188050    39A     -0.180149  
      40A     -0.158809    41A     -0.149887    42A     -0.132057  
      43A     -0.127646    44A     -0.100992    45A     -0.096481  
      46A     -0.090457    47A      0.028149    48A      0.030171  
      49A      0.063149  

    Beta Virtual:                                                         

      50A      0.063982    51A      0.085264    52A      0.145317  
      53A      0.168771    54A      0.194623    55A      0.211938  
      56A      0.214141    57A      0.232284    58A      0.241412  
      59A      0.248415    60A      0.259450    61A      0.264044  
      62A      0.274218    63A      0.286640    64A      0.300468  
      65A      0.311278    66A      0.315500    67A      0.333048  
      68A      0.348080    69A      0.355553    70A      0.366245  
      71A      0.394849    72A      0.401173    73A      0.430836  
      74A      0.431484    75A      0.503740    76A      0.507627  
      77A      0.512340    78A      0.519950    79A      0.545861  
      80A      0.554214    81A      0.564691    82A      0.577957  
      83A      0.593526    84A      0.605966    85A      0.610443  
      86A      0.618036    87A      0.629686    88A      0.641943  
      89A      0.648431    90A      0.650375    91A      0.673130  
      92A      0.680321    93A      0.691785    94A      0.697867  
      95A      0.711962    96A      0.724234    97A      0.728092  
      98A      0.740048    99A      0.765078   100A      0.769095  
     101A      0.783790   102A      0.789690   103A      0.817769  
     104A      0.857594   105A      0.863511   106A      0.916584  
     107A      0.945092   108A      0.947887   109A      0.959137  
     110A      0.973458   111A      0.981498   112A      0.999539  
     113A      1.010850   114A      1.019246   115A      1.032248  
     116A      1.039901   117A      1.043512   118A      1.057538  
     119A      1.066777   120A      1.085929   121A      1.091223  
     122A      1.105963   123A      1.113206   124A      1.122585  
     125A      1.128682   126A      1.135639   127A      1.175055  
     128A      1.179144   129A      1.203102   130A      1.217082  
     131A      1.245229   132A      1.279521   133A      1.301129  
     134A      1.307112   135A      1.315259   136A      1.324658  
     137A      1.359864   138A      1.390738   139A      1.415576  
     140A      1.430765   141A      1.435007   142A      1.490193  
     143A      1.507999   144A      1.519975   145A      1.543240  
     146A      1.563398   147A      1.602050   148A      1.646569  
     149A      1.672266   150A      1.761659   151A      1.764482  
     152A      1.808379   153A      1.827942   154A      1.861090  
     155A      1.875042   156A      1.884932   157A      1.896495  
     158A      1.902125   159A      1.933413   160A      1.971386  
     161A      1.985288   162A      2.016927   163A      2.020091  
     164A      2.028665   165A      2.034212   166A      2.051305  
     167A      2.072776   168A      2.074204   169A      2.101209  
     170A      2.145919   171A      2.158441   172A      2.172925  
     173A      2.184257   174A      2.187139   175A      2.200102  
     176A      2.238055   177A      2.258041   178A      2.266515  
     179A      2.277147   180A      2.282056   181A      2.317592  
     182A      2.332606   183A      2.354798   184A      2.357047  
     185A      2.395048   186A      2.398529   187A      2.436303  
     188A      2.439029   189A      2.538718   190A      2.579883  
     191A      2.591716   192A      2.606321   193A      2.612374  
     194A      2.664974   195A      2.703780   196A      2.705386  
     197A      2.719049   198A      2.774765   199A      2.852595  
     200A      2.880832   201A      2.894744   202A      2.967112  
     203A      2.979478   204A      3.014438   205A      3.146274  
     206A      3.150873   207A      3.352621   208A      3.450947  
     209A     12.891936   210A     13.319373   211A     13.343639  
     212A     13.377790   213A     13.494716   214A     13.671509  
     215A     13.820691   216A     13.848574   217A     13.895329  
     218A     14.221864   219A     25.171958   220A     25.228897  
     221A     25.423588  

    Final Occupation by Irrep:
              A 
    DOCC [    49 ]
    SOCC [     0 ]

  @DF-UKS Final Energy:  -613.78401464741160

   => Energetics <=

    Nuclear Repulsion Energy =            722.4688146890212010
    One-Electron Energy =               -2283.1686760094976307
    Two-Electron Energy =                1031.5144788386080563
    DFT Exchange-Correlation Energy =     -84.5986321655433642
    Empirical Dispersion Energy =           0.0000000000000000
    VV10 Nonlocal Energy =                  0.0000000000000000
    Total Energy =                       -613.7840146474117091

  UHF NO Occupations:
  HONO-2 :   47  A 2.0000000
  HONO-1 :   48  A 2.0000000
  HONO-0 :   49  A 2.0000000
  LUNO+0 :   50  A 0.0000000
  LUNO+1 :   51  A 0.0000000
  LUNO+2 :   52  A 0.0000000
  LUNO+3 :   53  A 0.0000000


Computation Completed


Properties will be evaluated at   0.000000,   0.000000,   0.000000 [a0]

Properties computed using the SCF density matrix

  Nuclear Dipole Moment: [e a0]
     X:    -1.6265      Y:   -11.3154      Z:    -7.8342

  Electronic Dipole Moment: [e a0]
     X:     5.8483      Y:     7.0055      Z:     6.1554

  Dipole Moment: [e a0]
     X:     4.2218      Y:    -4.3099      Z:    -1.6788     Total:     6.2624

  Dipole Moment: [D]
     X:    10.7308      Y:   -10.9546      Z:    -4.2672     Total:    15.9174


*** tstop() called on DESKTOP-FGN858S at Fri Mar 10 14:53:50 2023
Module time:
	user time   =     234.44 seconds =       3.91 minutes
	system time =       2.89 seconds =       0.05 minutes
	total time  =        237 seconds =       3.95 minutes
Total time:
	user time   =     234.44 seconds =       3.91 minutes
	system time =       2.89 seconds =       0.05 minutes
	total time  =        237 seconds =       3.95 minutes
